LE Scan ...
D9:67:9A:AC:42:EB WHOOP 3A214456
8C:85:90:CB:8A:39 (unknown)
8C:85:90:CB:8A:39 (unknown)
53:BA:45:66:B0:E6 (unknown)
53:BA:45:66:B0:E6 (unknown)
0C:8C:DC:2F:AA:3D (unknown)
50:1F:18:3A:B2:77 (unknown)
0C:8C:DC:04:42:57 (unknown)
0C:8C:DC:04:42:57 Ambit3 1450105271
45:F9:C7:B0:6A:71 (unknown)
45:F9:C7:B0:6A:71 (unknown)
4C:87:5D:57:D4:D7 (unknown)
52:BA:4E:5C:0E:BB (unknown)
52:BA:4E:5C:0E:BB (unknown)
D9:67:9A:AC:42:EB (unknown)
59:ED:6D:8E:7E:ED (unknown)
59:ED:6D:8E:7E:ED (unknown)
4C:87:5D:57:D4:D7 LE-Heavy Metal Poet
F6:B6:8D:96:04:0D HRM-Dual:588393
F7:EC:33:FC:D2:1E (unknown)
50:1F:18:3A:B2:77 (unknown)
